0 info it worked if it ends with ok
1 verbose cli [ '/usr/bin/node', '/usr/bin/npm', 'install' ]
2 info using npm@1.4.28
3 info using node@v0.10.33
4 verbose node symlink /usr/bin/node
5 warn package.json farol@0.0.0 No repository field.
6 verbose readDependencies using package.json deps
7 verbose install where, deps [ '/home/vytor/bcc/farol',
7 verbose install   [ 'gulp',
7 verbose install     'gulp-sass',
7 verbose install     'gulp-concat',
7 verbose install     'gulp-minify-css',
7 verbose install     'gulp-rename',
7 verbose install     'bower' ] ]
8 info preinstall farol@0.0.0
9 verbose readDependencies using package.json deps
10 verbose already installed skipping gulp@^3.8.8 /home/vytor/bcc/farol
11 verbose cache add [ 'gulp-sass@^0.7.1', null ]
12 verbose cache add name=undefined spec="gulp-sass@^0.7.1" args=["gulp-sass@^0.7.1",null]
13 verbose parsed url { protocol: null,
13 verbose parsed url   slashes: null,
13 verbose parsed url   auth: null,
13 verbose parsed url   host: null,
13 verbose parsed url   port: null,
13 verbose parsed url   hostname: null,
13 verbose parsed url   hash: null,
13 verbose parsed url   search: null,
13 verbose parsed url   query: null,
13 verbose parsed url   pathname: 'gulp-sass@^0.7.1',
13 verbose parsed url   path: 'gulp-sass@^0.7.1',
13 verbose parsed url   href: 'gulp-sass@^0.7.1' }
14 verbose cache add [ 'gulp-concat@^2.2.0', null ]
15 verbose cache add name=undefined spec="gulp-concat@^2.2.0" args=["gulp-concat@^2.2.0",null]
16 verbose parsed url { protocol: null,
16 verbose parsed url   slashes: null,
16 verbose parsed url   auth: null,
16 verbose parsed url   host: null,
16 verbose parsed url   port: null,
16 verbose parsed url   hostname: null,
16 verbose parsed url   hash: null,
16 verbose parsed url   search: null,
16 verbose parsed url   query: null,
16 verbose parsed url   pathname: 'gulp-concat@^2.2.0',
16 verbose parsed url   path: 'gulp-concat@^2.2.0',
16 verbose parsed url   href: 'gulp-concat@^2.2.0' }
17 verbose cache add [ 'gulp-minify-css@^0.3.0', null ]
18 verbose cache add name=undefined spec="gulp-minify-css@^0.3.0" args=["gulp-minify-css@^0.3.0",null]
19 verbose parsed url { protocol: null,
19 verbose parsed url   slashes: null,
19 verbose parsed url   auth: null,
19 verbose parsed url   host: null,
19 verbose parsed url   port: null,
19 verbose parsed url   hostname: null,
19 verbose parsed url   hash: null,
19 verbose parsed url   search: null,
19 verbose parsed url   query: null,
19 verbose parsed url   pathname: 'gulp-minify-css@^0.3.0',
19 verbose parsed url   path: 'gulp-minify-css@^0.3.0',
19 verbose parsed url   href: 'gulp-minify-css@^0.3.0' }
20 verbose cache add [ 'gulp-rename@^1.2.0', null ]
21 verbose cache add name=undefined spec="gulp-rename@^1.2.0" args=["gulp-rename@^1.2.0",null]
22 verbose parsed url { protocol: null,
22 verbose parsed url   slashes: null,
22 verbose parsed url   auth: null,
22 verbose parsed url   host: null,
22 verbose parsed url   port: null,
22 verbose parsed url   hostname: null,
22 verbose parsed url   hash: null,
22 verbose parsed url   search: null,
22 verbose parsed url   query: null,
22 verbose parsed url   pathname: 'gulp-rename@^1.2.0',
22 verbose parsed url   path: 'gulp-rename@^1.2.0',
22 verbose parsed url   href: 'gulp-rename@^1.2.0' }
23 verbose cache add [ 'bower@^1.3.3', null ]
24 verbose cache add name=undefined spec="bower@^1.3.3" args=["bower@^1.3.3",null]
25 verbose parsed url { protocol: null,
25 verbose parsed url   slashes: null,
25 verbose parsed url   auth: null,
25 verbose parsed url   host: null,
25 verbose parsed url   port: null,
25 verbose parsed url   hostname: null,
25 verbose parsed url   hash: null,
25 verbose parsed url   search: null,
25 verbose parsed url   query: null,
25 verbose parsed url   pathname: 'bower@^1.3.3',
25 verbose parsed url   path: 'bower@^1.3.3',
25 verbose parsed url   href: 'bower@^1.3.3' }
26 verbose cache add name="gulp-sass" spec="^0.7.1" args=["gulp-sass","^0.7.1"]
27 verbose parsed url { protocol: null,
27 verbose parsed url   slashes: null,
27 verbose parsed url   auth: null,
27 verbose parsed url   host: null,
27 verbose parsed url   port: null,
27 verbose parsed url   hostname: null,
27 verbose parsed url   hash: null,
27 verbose parsed url   search: null,
27 verbose parsed url   query: null,
27 verbose parsed url   pathname: '^0.7.1',
27 verbose parsed url   path: '^0.7.1',
27 verbose parsed url   href: '^0.7.1' }
28 verbose addNamed [ 'gulp-sass', '^0.7.1' ]
29 verbose addNamed [ null, '>=0.7.1-0 <0.8.0-0' ]
30 verbose cache add name="gulp-concat" spec="^2.2.0" args=["gulp-concat","^2.2.0"]
31 verbose parsed url { protocol: null,
31 verbose parsed url   slashes: null,
31 verbose parsed url   auth: null,
31 verbose parsed url   host: null,
31 verbose parsed url   port: null,
31 verbose parsed url   hostname: null,
31 verbose parsed url   hash: null,
31 verbose parsed url   search: null,
31 verbose parsed url   query: null,
31 verbose parsed url   pathname: '^2.2.0',
31 verbose parsed url   path: '^2.2.0',
31 verbose parsed url   href: '^2.2.0' }
32 verbose addNamed [ 'gulp-concat', '^2.2.0' ]
33 verbose addNamed [ null, '>=2.2.0-0 <3.0.0-0' ]
34 verbose cache add name="gulp-minify-css" spec="^0.3.0" args=["gulp-minify-css","^0.3.0"]
35 verbose parsed url { protocol: null,
35 verbose parsed url   slashes: null,
35 verbose parsed url   auth: null,
35 verbose parsed url   host: null,
35 verbose parsed url   port: null,
35 verbose parsed url   hostname: null,
35 verbose parsed url   hash: null,
35 verbose parsed url   search: null,
35 verbose parsed url   query: null,
35 verbose parsed url   pathname: '^0.3.0',
35 verbose parsed url   path: '^0.3.0',
35 verbose parsed url   href: '^0.3.0' }
36 verbose addNamed [ 'gulp-minify-css', '^0.3.0' ]
37 verbose addNamed [ null, '>=0.3.0-0 <0.4.0-0' ]
38 verbose cache add name="gulp-rename" spec="^1.2.0" args=["gulp-rename","^1.2.0"]
39 verbose parsed url { protocol: null,
39 verbose parsed url   slashes: null,
39 verbose parsed url   auth: null,
39 verbose parsed url   host: null,
39 verbose parsed url   port: null,
39 verbose parsed url   hostname: null,
39 verbose parsed url   hash: null,
39 verbose parsed url   search: null,
39 verbose parsed url   query: null,
39 verbose parsed url   pathname: '^1.2.0',
39 verbose parsed url   path: '^1.2.0',
39 verbose parsed url   href: '^1.2.0' }
40 verbose addNamed [ 'gulp-rename', '^1.2.0' ]
41 verbose addNamed [ null, '>=1.2.0-0 <2.0.0-0' ]
42 verbose cache add name="bower" spec="^1.3.3" args=["bower","^1.3.3"]
43 verbose parsed url { protocol: null,
43 verbose parsed url   slashes: null,
43 verbose parsed url   auth: null,
43 verbose parsed url   host: null,
43 verbose parsed url   port: null,
43 verbose parsed url   hostname: null,
43 verbose parsed url   hash: null,
43 verbose parsed url   search: null,
43 verbose parsed url   query: null,
43 verbose parsed url   pathname: '^1.3.3',
43 verbose parsed url   path: '^1.3.3',
43 verbose parsed url   href: '^1.3.3' }
44 verbose addNamed [ 'bower', '^1.3.3' ]
45 verbose addNamed [ null, '>=1.3.3-0 <2.0.0-0' ]
46 silly lockFile 77100620-gulp-sass-0-7-1 gulp-sass@^0.7.1
47 verbose lock gulp-sass@^0.7.1 /home/vytor/.npm/77100620-gulp-sass-0-7-1.lock
48 silly lockFile bade1119-gulp-concat-2-2-0 gulp-concat@^2.2.0
49 verbose lock gulp-concat@^2.2.0 /home/vytor/.npm/bade1119-gulp-concat-2-2-0.lock
50 silly lockFile 97140670-gulp-minify-css-0-3-0 gulp-minify-css@^0.3.0
51 verbose lock gulp-minify-css@^0.3.0 /home/vytor/.npm/97140670-gulp-minify-css-0-3-0.lock
52 silly lockFile 31cef36d-gulp-rename-1-2-0 gulp-rename@^1.2.0
53 verbose lock gulp-rename@^1.2.0 /home/vytor/.npm/31cef36d-gulp-rename-1-2-0.lock
54 silly lockFile 0aa5c27e-bower-1-3-3 bower@^1.3.3
55 verbose lock bower@^1.3.3 /home/vytor/.npm/0aa5c27e-bower-1-3-3.lock
56 silly addNameRange { name: 'gulp-sass',
56 silly addNameRange   range: '>=0.7.1-0 <0.8.0-0',
56 silly addNameRange   hasData: false }
57 silly addNameRange { name: 'gulp-concat',
57 silly addNameRange   range: '>=2.2.0-0 <3.0.0-0',
57 silly addNameRange   hasData: false }
58 silly addNameRange { name: 'gulp-minify-css',
58 silly addNameRange   range: '>=0.3.0-0 <0.4.0-0',
58 silly addNameRange   hasData: false }
59 silly addNameRange { name: 'gulp-rename',
59 silly addNameRange   range: '>=1.2.0-0 <2.0.0-0',
59 silly addNameRange   hasData: false }
60 silly addNameRange { name: 'bower', range: '>=1.3.3-0 <2.0.0-0', hasData: false }
61 verbose request where is /bower
62 verbose request registry http://registry.npmjs.org/
63 verbose request id 59fcb7213d7af155
64 verbose url raw /bower
65 verbose url resolving [ 'http://registry.npmjs.org/', './bower' ]
66 verbose url resolved http://registry.npmjs.org/bower
67 verbose request where is http://registry.npmjs.org/bower
68 info trying registry request attempt 1 at 17:28:32
69 verbose etag "A3X0VVLYBV0TDNCY1X614VZF6"
70 http GET http://registry.npmjs.org/bower
71 verbose request where is /gulp-sass
72 verbose request registry http://registry.npmjs.org/
73 verbose url raw /gulp-sass
74 verbose url resolving [ 'http://registry.npmjs.org/', './gulp-sass' ]
75 verbose url resolved http://registry.npmjs.org/gulp-sass
76 verbose request where is http://registry.npmjs.org/gulp-sass
77 info trying registry request attempt 1 at 17:28:32
78 verbose etag "1U7J4PX5R3VMHZ4QG21BRU43G"
79 http GET http://registry.npmjs.org/gulp-sass
80 verbose request where is /gulp-minify-css
81 verbose request registry http://registry.npmjs.org/
82 verbose url raw /gulp-minify-css
83 verbose url resolving [ 'http://registry.npmjs.org/', './gulp-minify-css' ]
84 verbose url resolved http://registry.npmjs.org/gulp-minify-css
85 verbose request where is http://registry.npmjs.org/gulp-minify-css
86 info trying registry request attempt 1 at 17:28:32
87 verbose etag "4YAVKNBQ71ZZBDP262FVY720P"
88 http GET http://registry.npmjs.org/gulp-minify-css
89 verbose request where is /gulp-concat
90 verbose request registry http://registry.npmjs.org/
91 verbose url raw /gulp-concat
92 verbose url resolving [ 'http://registry.npmjs.org/', './gulp-concat' ]
93 verbose url resolved http://registry.npmjs.org/gulp-concat
94 verbose request where is http://registry.npmjs.org/gulp-concat
95 info trying registry request attempt 1 at 17:28:32
96 verbose etag "D82610TH1P6VXBC6DKDL25169"
97 http GET http://registry.npmjs.org/gulp-concat
98 verbose request where is /gulp-rename
99 verbose request registry http://registry.npmjs.org/
100 verbose url raw /gulp-rename
101 verbose url resolving [ 'http://registry.npmjs.org/', './gulp-rename' ]
102 verbose url resolved http://registry.npmjs.org/gulp-rename
103 verbose request where is http://registry.npmjs.org/gulp-rename
104 info trying registry request attempt 1 at 17:28:32
105 verbose etag "AJ9B02QH2RJYSPJAV1TFIIC37"
106 http GET http://registry.npmjs.org/gulp-rename
107 http 304 http://registry.npmjs.org/bower
108 silly registry.get cb [ 304,
108 silly registry.get   { date: 'Sun, 22 Mar 2015 20:28:32 GMT',
108 silly registry.get     via: '1.1 varnish',
108 silly registry.get     'last-modified': 'Sun, 22 Mar 2015 20:13:35 GMT',
108 silly registry.get     'cache-control': 'max-age=60',
108 silly registry.get     etag: '"A3X0VVLYBV0TDNCY1X614VZF6"',
108 silly registry.get     age: '15',
108 silly registry.get     connection: 'keep-alive',
108 silly registry.get     'x-served-by': 'cache-atl6228-ATL',
108 silly registry.get     'x-cache': 'HIT',
108 silly registry.get     'x-cache-hits': '48',
108 silly registry.get     'x-timer': 'S1427056112.367518,VS0,VE0',
108 silly registry.get     vary: 'Accept' } ]
109 verbose etag http://registry.npmjs.org/bower from cache
110 silly addNameRange number 2 { name: 'bower', range: '>=1.3.3-0 <2.0.0-0', hasData: true }
111 silly addNameRange versions [ 'bower',
111 silly addNameRange   [ '0.1.0',
111 silly addNameRange     '0.1.2',
111 silly addNameRange     '0.1.3',
111 silly addNameRange     '0.2.0',
111 silly addNameRange     '0.3.0',
111 silly addNameRange     '0.3.1',
111 silly addNameRange     '0.3.2',
111 silly addNameRange     '0.4.0',
111 silly addNameRange     '0.5.0',
111 silly addNameRange     '0.5.1',
111 silly addNameRange     '0.6.0',
111 silly addNameRange     '0.6.1',
111 silly addNameRange     '0.6.2',
111 silly addNameRange     '0.6.3',
111 silly addNameRange     '0.6.4',
111 silly addNameRange     '0.6.5',
111 silly addNameRange     '0.6.6',
111 silly addNameRange     '0.6.7',
111 silly addNameRange     '0.6.8',
111 silly addNameRange     '0.7.0',
111 silly addNameRange     '0.7.1',
111 silly addNameRange     '0.8.0',
111 silly addNameRange     '0.8.1',
111 silly addNameRange     '0.8.2',
111 silly addNameRange     '0.8.3',
111 silly addNameRange     '0.8.4',
111 silly addNameRange     '0.8.5',
111 silly addNameRange     '0.8.6',
111 silly addNameRange     '0.9.0',
111 silly addNameRange     '0.9.1',
111 silly addNameRange     '0.9.2',
111 silly addNameRange     '0.10.0',
111 silly addNameRange     '1.0.0',
111 silly addNameRange     '1.0.1',
111 silly addNameRange     '1.0.2',
111 silly addNameRange     '1.0.3',
111 silly addNameRange     '1.1.0',
111 silly addNameRange     '1.1.1',
111 silly addNameRange     '1.1.2',
111 silly addNameRange     '1.2.0',
111 silly addNameRange     '1.2.1',
111 silly addNameRange     '1.2.2',
111 silly addNameRange     '1.2.3',
111 silly addNameRange     '1.2.4',
111 silly addNameRange     '1.2.5',
111 silly addNameRange     '1.2.6',
111 silly addNameRange     '1.2.7',
111 silly addNameRange     '1.2.8',
111 silly addNameRange     '1.3.0',
111 silly addNameRange     '1.3.1',
111 silly addNameRange     '1.3.2',
111 silly addNameRange     '1.3.3',
111 silly addNameRange     '1.3.4',
111 silly addNameRange     '1.3.5',
111 silly addNameRange     '1.3.6',
111 silly addNameRange     '1.3.7',
111 silly addNameRange     '1.3.8',
111 silly addNameRange     '1.3.9',
111 silly addNameRange     '1.3.10',
111 silly addNameRange     '1.3.11',
111 silly addNameRange     '1.3.12' ] ]
112 verbose addNamed [ 'bower', '1.3.12' ]
113 verbose addNamed [ '1.3.12', '1.3.12' ]
114 silly lockFile 9819431c-bower-1-3-12 bower@1.3.12
115 verbose lock bower@1.3.12 /home/vytor/.npm/9819431c-bower-1-3-12.lock
116 silly lockFile 9819431c-bower-1-3-12 bower@1.3.12
117 silly lockFile 9819431c-bower-1-3-12 bower@1.3.12
118 silly lockFile 0aa5c27e-bower-1-3-3 bower@^1.3.3
119 silly lockFile 0aa5c27e-bower-1-3-3 bower@^1.3.3
120 http 200 http://registry.npmjs.org/gulp-sass
121 silly registry.get cb [ 200,
121 silly registry.get   { server: 'CouchDB/1.5.0 (Erlang OTP/R16B03)',
121 silly registry.get     etag: '"9CCTXA2XN16TWXP4B0FC74P3I"',
121 silly registry.get     'content-type': 'application/json',
121 silly registry.get     'cache-control': 'max-age=60',
121 silly registry.get     'content-length': '31879',
121 silly registry.get     'accept-ranges': 'bytes',
121 silly registry.get     date: 'Sun, 22 Mar 2015 20:28:32 GMT',
121 silly registry.get     via: '1.1 varnish',
121 silly registry.get     age: '13',
121 silly registry.get     connection: 'keep-alive',
121 silly registry.get     'x-served-by': 'cache-atl6230-ATL',
121 silly registry.get     'x-cache': 'HIT',
121 silly registry.get     'x-cache-hits': '1',
121 silly registry.get     'x-timer': 'S1427056112.371177,VS0,VE0',
121 silly registry.get     vary: 'Accept' } ]
122 silly addNameRange number 2 { name: 'gulp-sass', range: '>=0.7.1-0 <0.8.0-0', hasData: true }
123 silly addNameRange versions [ 'gulp-sass',
123 silly addNameRange   [ '0.1.0',
123 silly addNameRange     '0.2.1',
123 silly addNameRange     '0.2.2',
123 silly addNameRange     '0.2.3',
123 silly addNameRange     '0.3.0',
123 silly addNameRange     '0.4.0',
123 silly addNameRange     '0.4.1',
123 silly addNameRange     '0.5.0',
123 silly addNameRange     '0.5.1',
123 silly addNameRange     '0.5.2',
123 silly addNameRange     '0.6.0',
123 silly addNameRange     '0.7.0',
123 silly addNameRange     '0.7.1',
123 silly addNameRange     '0.7.2',
123 silly addNameRange     '0.7.3',
123 silly addNameRange     '1.0.0',
123 silly addNameRange     '1.1.0',
123 silly addNameRange     '1.2.0',
123 silly addNameRange     '1.2.1',
123 silly addNameRange     '1.2.2',
123 silly addNameRange     '1.2.3',
123 silly addNameRange     '1.2.4',
123 silly addNameRange     '1.3.0',
123 silly addNameRange     '1.3.1',
123 silly addNameRange     '1.3.2',
123 silly addNameRange     '1.3.3' ] ]
124 verbose addNamed [ 'gulp-sass', '0.7.3' ]
125 verbose addNamed [ '0.7.3', '0.7.3' ]
126 silly lockFile 721f0c96-gulp-sass-0-7-3 gulp-sass@0.7.3
127 verbose lock gulp-sass@0.7.3 /home/vytor/.npm/721f0c96-gulp-sass-0-7-3.lock
128 silly lockFile 721f0c96-gulp-sass-0-7-3 gulp-sass@0.7.3
129 silly lockFile 721f0c96-gulp-sass-0-7-3 gulp-sass@0.7.3
130 silly lockFile 77100620-gulp-sass-0-7-1 gulp-sass@^0.7.1
131 silly lockFile 77100620-gulp-sass-0-7-1 gulp-sass@^0.7.1
132 http 200 http://registry.npmjs.org/gulp-concat
133 silly registry.get cb [ 200,
133 silly registry.get   { server: 'CouchDB/1.5.0 (Erlang OTP/R16B03)',
133 silly registry.get     etag: '"91WDI72QSCSXRZM6S0F0BJ4AC"',
133 silly registry.get     'content-type': 'application/json',
133 silly registry.get     'cache-control': 'max-age=60',
133 silly registry.get     'content-length': '34684',
133 silly registry.get     'accept-ranges': 'bytes',
133 silly registry.get     date: 'Sun, 22 Mar 2015 20:28:32 GMT',
133 silly registry.get     via: '1.1 varnish',
133 silly registry.get     age: '0',
133 silly registry.get     connection: 'keep-alive',
133 silly registry.get     'x-served-by': 'cache-atl6222-ATL',
133 silly registry.get     'x-cache': 'HIT',
133 silly registry.get     'x-cache-hits': '1',
133 silly registry.get     'x-timer': 'S1427056112.377842,VS0,VE42',
133 silly registry.get     vary: 'Accept' } ]
134 silly addNameRange number 2 { name: 'gulp-concat',
134 silly addNameRange   range: '>=2.2.0-0 <3.0.0-0',
134 silly addNameRange   hasData: true }
135 silly addNameRange versions [ 'gulp-concat',
135 silly addNameRange   [ '0.0.1',
135 silly addNameRange     '1.0.0',
135 silly addNameRange     '1.1.0',
135 silly addNameRange     '2.0.0',
135 silly addNameRange     '2.1.0',
135 silly addNameRange     '2.1.1',
135 silly addNameRange     '2.1.2',
135 silly addNameRange     '2.1.3',
135 silly addNameRange     '2.1.4',
135 silly addNameRange     '2.1.5',
135 silly addNameRange     '2.1.6',
135 silly addNameRange     '2.1.7',
135 silly addNameRange     '2.2.0',
135 silly addNameRange     '2.3.0',
135 silly addNameRange     '2.3.3',
135 silly addNameRange     '2.3.4',
135 silly addNameRange     '2.3.5',
135 silly addNameRange     '2.4.0',
135 silly addNameRange     '2.4.1',
135 silly addNameRange     '2.4.2',
135 silly addNameRange     '2.4.3',
135 silly addNameRange     '2.5.0',
135 silly addNameRange     '2.5.1',
135 silly addNameRange     '2.5.2' ] ]
136 verbose addNamed [ 'gulp-concat', '2.5.2' ]
137 verbose addNamed [ '2.5.2', '2.5.2' ]
138 silly lockFile f86cbda2-gulp-concat-2-5-2 gulp-concat@2.5.2
139 verbose lock gulp-concat@2.5.2 /home/vytor/.npm/f86cbda2-gulp-concat-2-5-2.lock
140 silly lockFile 6a3b7942-ulp-concat-gulp-concat-2-5-2-tgz http://registry.npmjs.org/gulp-concat/-/gulp-concat-2.5.2.tgz
141 verbose lock http://registry.npmjs.org/gulp-concat/-/gulp-concat-2.5.2.tgz /home/vytor/.npm/6a3b7942-ulp-concat-gulp-concat-2-5-2-tgz.lock
142 verbose addRemoteTarball [ 'http://registry.npmjs.org/gulp-concat/-/gulp-concat-2.5.2.tgz',
142 verbose addRemoteTarball   'd644372cdc2b3cdb421a8a941c8d74e21d815f14' ]
143 info retry fetch attempt 1 at 17:28:32
144 verbose fetch to= /tmp/npm-13120-figNP8sc/registry.npmjs.org/gulp-concat/-/gulp-concat-2.5.2.tgz
145 http GET http://registry.npmjs.org/gulp-concat/-/gulp-concat-2.5.2.tgz
146 http 200 http://registry.npmjs.org/gulp-rename
147 silly registry.get cb [ 200,
147 silly registry.get   { server: 'CouchDB/1.5.0 (Erlang OTP/R16B03)',
147 silly registry.get     etag: '"BDDIIZPJYYWKVGMDYA8FKLVUZ"',
147 silly registry.get     'content-type': 'application/json',
147 silly registry.get     'cache-control': 'max-age=60',
147 silly registry.get     'content-length': '10085',
147 silly registry.get     'accept-ranges': 'bytes',
147 silly registry.get     date: 'Sun, 22 Mar 2015 20:28:32 GMT',
147 silly registry.get     via: '1.1 varnish',
147 silly registry.get     age: '0',
147 silly registry.get     connection: 'keep-alive',
147 silly registry.get     'x-served-by': 'cache-atl6235-ATL',
147 silly registry.get     'x-cache': 'HIT',
147 silly registry.get     'x-cache-hits': '1',
147 silly registry.get     'x-timer': 'S1427056112.381938,VS0,VE315',
147 silly registry.get     vary: 'Accept' } ]
148 silly addNameRange number 2 { name: 'gulp-rename',
148 silly addNameRange   range: '>=1.2.0-0 <2.0.0-0',
148 silly addNameRange   hasData: true }
149 silly addNameRange versions [ 'gulp-rename',
149 silly addNameRange   [ '0.1.0', '0.2.1', '0.2.2', '1.0.0', '1.1.0', '1.2.0' ] ]
150 verbose addNamed [ 'gulp-rename', '1.2.0' ]
151 verbose addNamed [ '1.2.0', '1.2.0' ]
152 silly lockFile 5981c611-gulp-rename-1-2-0 gulp-rename@1.2.0
153 verbose lock gulp-rename@1.2.0 /home/vytor/.npm/5981c611-gulp-rename-1-2-0.lock
154 silly lockFile 5981c611-gulp-rename-1-2-0 gulp-rename@1.2.0
155 silly lockFile 5981c611-gulp-rename-1-2-0 gulp-rename@1.2.0
156 silly lockFile 31cef36d-gulp-rename-1-2-0 gulp-rename@^1.2.0
157 silly lockFile 31cef36d-gulp-rename-1-2-0 gulp-rename@^1.2.0
158 http 200 http://registry.npmjs.org/gulp-minify-css
159 silly registry.get cb [ 200,
159 silly registry.get   { server: 'CouchDB/1.5.0 (Erlang OTP/R16B03)',
159 silly registry.get     etag: '"CC44L2NNQDIWT6OA2WBKM4V81"',
159 silly registry.get     'content-type': 'application/json',
159 silly registry.get     'cache-control': 'max-age=60',
159 silly registry.get     'content-length': '42088',
159 silly registry.get     'accept-ranges': 'bytes',
159 silly registry.get     date: 'Sun, 22 Mar 2015 20:28:32 GMT',
159 silly registry.get     via: '1.1 varnish',
159 silly registry.get     age: '0',
159 silly registry.get     connection: 'keep-alive',
159 silly registry.get     'x-served-by': 'cache-atl6233-ATL',
159 silly registry.get     'x-cache': 'HIT',
159 silly registry.get     'x-cache-hits': '1',
159 silly registry.get     'x-timer': 'S1427056112.375964,VS0,VE313',
159 silly registry.get     vary: 'Accept' } ]
160 http 200 http://registry.npmjs.org/gulp-concat/-/gulp-concat-2.5.2.tgz
161 silly addNameRange number 2 { name: 'gulp-minify-css',
161 silly addNameRange   range: '>=0.3.0-0 <0.4.0-0',
161 silly addNameRange   hasData: true }
162 silly addNameRange versions [ 'gulp-minify-css',
162 silly addNameRange   [ '0.0.1',
162 silly addNameRange     '0.1.0',
162 silly addNameRange     '0.2.0',
162 silly addNameRange     '0.3.0',
162 silly addNameRange     '0.3.1',
162 silly addNameRange     '0.3.2',
162 silly addNameRange     '0.3.3',
162 silly addNameRange     '0.3.4',
162 silly addNameRange     '0.3.5',
162 silly addNameRange     '0.3.6',
162 silly addNameRange     '0.3.7',
162 silly addNameRange     '0.3.8',
162 silly addNameRange     '0.3.9',
162 silly addNameRange     '0.3.10',
162 silly addNameRange     '0.3.11',
162 silly addNameRange     '0.3.12',
162 silly addNameRange     '0.3.13',
162 silly addNameRange     '0.4.0',
162 silly addNameRange     '0.4.1',
162 silly addNameRange     '0.4.2',
162 silly addNameRange     '0.4.3',
162 silly addNameRange     '0.4.4',
162 silly addNameRange     '0.4.5',
162 silly addNameRange     '0.4.6',
162 silly addNameRange     '0.5.0',
162 silly addNameRange     '0.5.1',
162 silly addNameRange     '1.0.0' ] ]
163 verbose addNamed [ 'gulp-minify-css', '0.3.13' ]
164 verbose addNamed [ '0.3.13', '0.3.13' ]
165 silly lockFile 9038a954-gulp-minify-css-0-3-13 gulp-minify-css@0.3.13
166 verbose lock gulp-minify-css@0.3.13 /home/vytor/.npm/9038a954-gulp-minify-css-0-3-13.lock
167 silly lockFile 6a3b7942-ulp-concat-gulp-concat-2-5-2-tgz http://registry.npmjs.org/gulp-concat/-/gulp-concat-2.5.2.tgz
168 silly lockFile 6a3b7942-ulp-concat-gulp-concat-2-5-2-tgz http://registry.npmjs.org/gulp-concat/-/gulp-concat-2.5.2.tgz
169 silly lockFile f86cbda2-gulp-concat-2-5-2 gulp-concat@2.5.2
170 silly lockFile f86cbda2-gulp-concat-2-5-2 gulp-concat@2.5.2
171 silly lockFile bade1119-gulp-concat-2-2-0 gulp-concat@^2.2.0
172 silly lockFile bade1119-gulp-concat-2-2-0 gulp-concat@^2.2.0
173 silly lockFile 461133b3-y-css-gulp-minify-css-0-3-13-tgz http://registry.npmjs.org/gulp-minify-css/-/gulp-minify-css-0.3.13.tgz
174 verbose lock http://registry.npmjs.org/gulp-minify-css/-/gulp-minify-css-0.3.13.tgz /home/vytor/.npm/461133b3-y-css-gulp-minify-css-0-3-13-tgz.lock
175 verbose addRemoteTarball [ 'http://registry.npmjs.org/gulp-minify-css/-/gulp-minify-css-0.3.13.tgz',
175 verbose addRemoteTarball   'ba813c665422868305383ccd185f239c1e35209b' ]
176 info retry fetch attempt 1 at 17:28:32
177 verbose fetch to= /tmp/npm-13120-figNP8sc/registry.npmjs.org/gulp-minify-css/-/gulp-minify-css-0.3.13.tgz
178 http GET http://registry.npmjs.org/gulp-minify-css/-/gulp-minify-css-0.3.13.tgz
179 http 200 http://registry.npmjs.org/gulp-minify-css/-/gulp-minify-css-0.3.13.tgz
180 silly lockFile 461133b3-y-css-gulp-minify-css-0-3-13-tgz http://registry.npmjs.org/gulp-minify-css/-/gulp-minify-css-0.3.13.tgz
181 silly lockFile 461133b3-y-css-gulp-minify-css-0-3-13-tgz http://registry.npmjs.org/gulp-minify-css/-/gulp-minify-css-0.3.13.tgz
182 silly lockFile 9038a954-gulp-minify-css-0-3-13 gulp-minify-css@0.3.13
183 silly lockFile 9038a954-gulp-minify-css-0-3-13 gulp-minify-css@0.3.13
184 silly lockFile 97140670-gulp-minify-css-0-3-0 gulp-minify-css@^0.3.0
185 silly lockFile 97140670-gulp-minify-css-0-3-0 gulp-minify-css@^0.3.0
186 error Error: EACCES, mkdir '/home/vytor/.npm/gulp-concat/2.5.2'
186 error  { [Error: EACCES, mkdir '/home/vytor/.npm/gulp-concat/2.5.2']
186 error   errno: 3,
186 error   code: 'EACCES',
186 error   path: '/home/vytor/.npm/gulp-concat/2.5.2',
186 error   parent: 'farol' }
187 error Please try running this command again as root/Administrator.
188 error System Linux 3.2.0-68-generic
189 error command "/usr/bin/node" "/usr/bin/npm" "install"
190 error cwd /home/vytor/bcc/farol
191 error node -v v0.10.33
192 error npm -v 1.4.28
193 error path /home/vytor/.npm/gulp-concat/2.5.2
194 error code EACCES
195 error errno 3
196 error stack Error: EACCES, mkdir '/home/vytor/.npm/gulp-concat/2.5.2'
197 verbose exit [ 3, true ]
